<?xml version="1.0" encoding="UTF-8"?>
<!-- Generated by org.testng.reporters.JUnitReportReporter -->
<testsuite hostname="PSDLAPD066" failures="0" tests="1" name="testMain.TalentTrackingTC" time="11.340" errors="0" timestamp="2021-06-01T16:38:25 IST" skipped="0">
  <testcase classname="testMain.TalentTrackingTC" name="TalentTrackingLogin" time="11.340"/>
  <system-out/>
</testsuite> <!-- testMain.TalentTrackingTC -->
